Running openapi-typescript to generate types...
openapi-typescript lib failed, falling back to npx: Cannot find module 'openapi-typescript'
Require stack:
- D:\NPC\packages\shared\scripts\generate-client.js
openapi-typescript failed: Error: Command failed: npx openapi-typescript D:\NPC\packages\shared\openapi\spec.json --output D:\NPC\packages\shared\dist\client\types.d.ts
    at genericNodeError (node:internal/errors:983:15)
    at wrappedFn (node:internal/errors:537:14)
    at checkExecSyncError (node:child_process:915:11)
    at execSync (node:child_process:987:15)
    at Object.<anonymous> (D:\NPC\packages\shared\scripts\generate-client.js:36:5)
    at Module._compile (node:internal/modules/cjs/loader:1706:14)
    at Object..js (node:internal/modules/cjs/loader:1839:10)
    at Module.load (node:internal/modules/cjs/loader:1441:32)
    at Function._load (node:internal/modules/cjs/loader:1263:12)
    at TracingChannel.traceSync (node:diagnostics_channel:322:14)
Running openapi-typescript to generate types...
openapi-typescript lib failed, falling back to npx: Cannot find module 'openapi-typescript'
Require stack:
- D:\NPC\packages\shared\scripts\generate-client.js
openapi-typescript failed: Error: Command failed: npx openapi-typescript D:\NPC\packages\shared\openapi\spec.json --output D:\NPC\packages\shared\dist\client\types.d.ts
    at genericNodeError (node:internal/errors:983:15)
    at wrappedFn (node:internal/errors:537:14)
    at checkExecSyncError (node:child_process:915:11)
    at execSync (node:child_process:987:15)
    at Object.<anonymous> (D:\NPC\packages\shared\scripts\generate-client.js:36:5)
    at Module._compile (node:internal/modules/cjs/loader:1706:14)
    at Object..js (node:internal/modules/cjs/loader:1839:10)
    at Module.load (node:internal/modules/cjs/loader:1441:32)
    at Function._load (node:internal/modules/cjs/loader:1263:12)
    at TracingChannel.traceSync (node:diagnostics_channel:322:14)
Generated client at D:\NPC\packages\shared\dist\client\client.ts
Running openapi-typescript to generate types...
openapi-typescript lib failed, falling back to npx: Cannot find module 'openapi-typescript'
Require stack:
- D:\NPC\packages\shared\scripts\generate-client.js
openapi-typescript failed: Error: Command failed: npx --yes openapi-typescript D:\NPC\packages\shared\openapi\spec.json --output D:\NPC\packages\shared\dist\client\types.d.ts
    at genericNodeError (node:internal/errors:983:15)
    at wrappedFn (node:internal/errors:537:14)
    at checkExecSyncError (node:child_process:915:11)
    at execSync (node:child_process:987:15)
    at Object.<anonymous> (D:\NPC\packages\shared\scripts\generate-client.js:36:5)
    at Module._compile (node:internal/modules/cjs/loader:1706:14)
    at Object..js (node:internal/modules/cjs/loader:1839:10)
    at Module.load (node:internal/modules/cjs/loader:1441:32)
    at Function._load (node:internal/modules/cjs/loader:1263:12)
    at TracingChannel.traceSync (node:diagnostics_channel:322:14)
Generated client at D:\NPC\packages\shared\dist\client\client.ts
Running openapi-typescript to generate types...
openapi-typescript lib failed, falling back to npx: Cannot find module 'openapi-typescript'
Require stack:
- D:\NPC\packages\shared\scripts\generate-client.js
Running openapi-typescript to generate types...
openapi-typescript lib failed, falling back to npx: Cannot find module 'openapi-typescript'
Require stack:
- D:\NPC\packages\shared\scripts\generate-client.js
openapi-typescript failed: Error: Command failed: npx --yes openapi-typescript D:\NPC\packages\shared\openapi\spec.json --output D:\NPC\packages\shared\dist\client\types.d.ts
    at genericNodeError (node:internal/errors:983:15)
    at wrappedFn (node:internal/errors:537:14)
    at checkExecSyncError (node:child_process:915:11)
    at execSync (node:child_process:987:15)
    at Object.<anonymous> (D:\NPC\packages\shared\scripts\generate-client.js:39:7)
    at Module._compile (node:internal/modules/cjs/loader:1706:14)
    at Object..js (node:internal/modules/cjs/loader:1839:10)
    at Module.load (node:internal/modules/cjs/loader:1441:32)
    at Function._load (node:internal/modules/cjs/loader:1263:12)
    at TracingChannel.traceSync (node:diagnostics_channel:322:14)
Generated client at D:\NPC\packages\shared\dist\client\client.ts
Running openapi-typescript to generate types...
openapi-typescript lib failed, falling back to npx: Expected ',' or '}' after property value in JSON at position 6826 (line 122 column 1)
openapi-typescript failed: Error: Command failed: npx --yes openapi-typescript D:\NPC\packages\shared\openapi\spec.json --output D:\NPC\packages\shared\dist\client\types.d.ts
    at genericNodeError (node:internal/errors:983:15)
    at wrappedFn (node:internal/errors:537:14)
    at checkExecSyncError (node:child_process:915:11)
    at execSync (node:child_process:987:15)
    at Object.<anonymous> (D:\NPC\packages\shared\scripts\generate-client.js:39:7)
    at Module._compile (node:internal/modules/cjs/loader:1706:14)
    at Object..js (node:internal/modules/cjs/loader:1839:10)
    at Module.load (node:internal/modules/cjs/loader:1441:32)
    at Function._load (node:internal/modules/cjs/loader:1263:12)
    at TracingChannel.traceSync (node:diagnostics_channel:322:14)
Generated improved client at D:\NPC\packages\shared\dist\client\client.ts
Running openapi-typescript to generate types...
openapi-typescript failed: Error: Command failed: npx --yes openapi-typescript D:\NPC\packages\shared\openapi\spec.json --output D:\NPC\packages\shared\dist\client\types.d.ts
    at genericNodeError (node:internal/errors:983:15)
    at wrappedFn (node:internal/errors:537:14)
    at checkExecSyncError (node:child_process:915:11)
    at execSync (node:child_process:987:15)
    at Object.<anonymous> (D:\NPC\packages\shared\scripts\generate-client.js:30:5)
    at Module._compile (node:internal/modules/cjs/loader:1706:14)
    at Object..js (node:internal/modules/cjs/loader:1839:10)
    at Module.load (node:internal/modules/cjs/loader:1441:32)
    at Function._load (node:internal/modules/cjs/loader:1263:12)
    at TracingChannel.traceSync (node:diagnostics_channel:322:14)
Generated improved client at D:\NPC\packages\shared\dist\client\client.ts
